<?xml version="1.0" encoding="UTF-8"?>
<testsuite name="com.codurance.cephalopodwebsite.CephalopodWebsiteServiceStagingTests" tests="1" skipped="0" failures="0" errors="0" timestamp="2021-10-15T09:18:22" hostname="Codurances-MacBook-Pro.local" time="0.04">
  <properties/>
  <testcase name="getSquidReturns200ResponseForNormalSquid()" classname="com.codurance.cephalopodwebsite.CephalopodWebsiteServiceStagingTests" time="0.04"/>
  <system-out><![CDATA[2021-10-15 10:18:14.705  INFO 1322 --- [    Test worker] .b.t.a.w.s.WebMvcTestContextBootstrapper : Neither @ContextConfiguration nor @ContextHierarchy found for test class [com.codurance.cephalopodwebsite.CephalopodWebsiteServiceStagingTests], using SpringBootContextLoader
2021-10-15 10:18:14.709  INFO 1322 --- [    Test worker] o.s.t.c.support.AbstractContextLoader    : Could not detect default resource locations for test class [com.codurance.cephalopodwebsite.CephalopodWebsiteServiceStagingTests]: no resource found for suffixes {-context.xml, Context.groovy}.
2021-10-15 10:18:14.710  INFO 1322 --- [    Test worker] t.c.s.AnnotationConfigContextLoaderUtils : Could not detect default configuration classes for test class [com.codurance.cephalopodwebsite.CephalopodWebsiteServiceStagingTests]: CephalopodWebsiteServiceStagingTests does not declare any static, non-private, non-final, nested classes annotated with @Configuration.
2021-10-15 10:18:14.717  INFO 1322 --- [    Test worker] .b.t.c.SpringBootTestContextBootstrapper : Found @SpringBootConfiguration com.codurance.cephalopodwebsite.CephalopodWebsiteApplication for test class com.codurance.cephalopodwebsite.CephalopodWebsiteServiceStagingTests
2021-10-15 10:18:14.719  INFO 1322 --- [    Test worker] .b.t.a.w.s.WebMvcTestContextBootstrapper : Loaded default TestExecutionListener class names from location [META-INF/spring.factories]: [org.springframework.boot.test.autoconfigure.restdocs.RestDocsTestExecutionListener, org.springframework.boot.test.autoconfigure.web.client.MockRestServiceServerResetTestExecutionListener, org.springframework.boot.test.autoconfigure.web.servlet.MockMvcPrintOnlyOnFailureTestExecutionListener, org.springframework.boot.test.autoconfigure.web.servlet.WebDriverTestExecutionListener, org.springframework.boot.test.autoconfigure.webservices.client.MockWebServiceServerTestExecutionListener, org.springframework.boot.test.mock.mockito.MockitoTestExecutionListener, org.springframework.boot.test.mock.mockito.ResetMocksTestExecutionListener, org.springframework.test.context.web.ServletTestExecutionListener, org.springframework.test.context.support.DirtiesContextBeforeModesTestExecutionListener, org.springframework.test.context.event.ApplicationEventsTestExecutionListener, org.springframework.test.context.support.DependencyInjectionTestExecutionListener, org.springframework.test.context.support.DirtiesContextTestExecutionListener, org.springframework.test.context.transaction.TransactionalTestExecutionListener, org.springframework.test.context.jdbc.SqlScriptsTestExecutionListener, org.springframework.test.context.event.EventPublishingTestExecutionListener]
2021-10-15 10:18:14.721  INFO 1322 --- [    Test worker] .b.t.a.w.s.WebMvcTestContextBootstrapper : Using TestExecutionListeners: [org.springframework.test.context.web.ServletTestExecutionListener@3c16528d, org.springframework.test.context.support.DirtiesContextBeforeModesTestExecutionListener@2e45a357, org.springframework.test.context.event.ApplicationEventsTestExecutionListener@389a5022, org.springframework.boot.test.mock.mockito.MockitoTestExecutionListener@bb8ead8, org.springframework.boot.test.autoconfigure.SpringBootDependencyInjectionTestExecutionListener@5b44318, org.springframework.test.context.support.DirtiesContextTestExecutionListener@6e807e2, org.springframework.test.context.transaction.TransactionalTestExecutionListener@6c995c5d, org.springframework.test.context.jdbc.SqlScriptsTestExecutionListener@203b953c, org.springframework.test.context.event.EventPublishingTestExecutionListener@730bea0, org.springframework.boot.test.autoconfigure.restdocs.RestDocsTestExecutionListener@41a16eb3, org.springframework.boot.test.autoconfigure.web.client.MockRestServiceServerResetTestExecutionListener@677cb96e, org.springframework.boot.test.autoconfigure.web.servlet.MockMvcPrintOnlyOnFailureTestExecutionListener@1b1252c8, org.springframework.boot.test.autoconfigure.web.servlet.WebDriverTestExecutionListener@19d53ab4, org.springframework.boot.test.autoconfigure.webservices.client.MockWebServiceServerTestExecutionListener@53cb0bcb, org.springframework.boot.test.mock.mockito.ResetMocksTestExecutionListener@51fe7f15]

  .   ____          _            __ _ _
 /\\ / ___'_ __ _ _(_)_ __  __ _ \ \ \ \
( ( )\___ | '_ | '_| | '_ \/ _` | \ \ \ \
 \\/  ___)| |_)| | | | | || (_| |  ) ) ) )
  '  |____| .__|_| |_|_| |_\__, | / / / /
 =========|_|==============|___/=/_/_/_/
 :: Spring Boot ::                (v2.5.5)

2021-10-15 10:18:19.781  INFO 1322 --- [    Test worker] c.c.CephalopodWebsiteServiceStagingTests : Starting CephalopodWebsiteServiceStagingTests using Java 16.0.2 on Codurances-MacBook-Pro.local with PID 1322 (started by codurance in /Users/codurance/Documents/Cephalopod-Website/backendwebsiteservice)
2021-10-15 10:18:19.782  INFO 1322 --- [    Test worker] c.c.CephalopodWebsiteServiceStagingTests : The following profiles are active: production
2021-10-15 10:18:22.360  INFO 1322 --- [    Test worker] o.s.b.t.m.w.SpringBootMockServletContext : Initializing Spring TestDispatcherServlet ''
2021-10-15 10:18:22.376  INFO 1322 --- [    Test worker] o.s.t.web.servlet.TestDispatcherServlet  : Initializing Servlet ''
2021-10-15 10:18:22.382  INFO 1322 --- [    Test worker] o.s.t.web.servlet.TestDispatcherServlet  : Completed initialization in 1 ms
2021-10-15 10:18:22.490  INFO 1322 --- [    Test worker] c.c.CephalopodWebsiteServiceStagingTests : Started CephalopodWebsiteServiceStagingTests in 7.763 seconds (JVM running for 20.792)
]]></system-out>
  <system-err><![CDATA[]]></system-err>
</testsuite>
