<?xml version="1.0" encoding="UTF-8"?>
<testsuite name="com.codurance.cephalopodwebsite.CephalopodWebsiteServiceDevelopmentTests" tests="1" skipped="0" failures="0" errors="0" timestamp="2021-10-16T17:30:45" hostname="Amans-MacBook-Pro.local" time="0.027">
  <properties/>
  <testcase name="getSquidReturns200ResponseForSeasonalSquidDevelopment()" classname="com.codurance.cephalopodwebsite.CephalopodWebsiteServiceDevelopmentTests" time="0.027"/>
  <system-out><![CDATA[2021-10-16 18:30:44.460  INFO 4245 --- [    Test worker] .b.t.a.w.s.WebMvcTestContextBootstrapper : Neither @ContextConfiguration nor @ContextHierarchy found for test class [com.codurance.cephalopodwebsite.CephalopodWebsiteServiceDevelopmentTests], using SpringBootContextLoader
2021-10-16 18:30:44.466  INFO 4245 --- [    Test worker] o.s.t.c.support.AbstractContextLoader    : Could not detect default resource locations for test class [com.codurance.cephalopodwebsite.CephalopodWebsiteServiceDevelopmentTests]: no resource found for suffixes {-context.xml, Context.groovy}.
2021-10-16 18:30:44.467  INFO 4245 --- [    Test worker] t.c.s.AnnotationConfigContextLoaderUtils : Could not detect default configuration classes for test class [com.codurance.cephalopodwebsite.CephalopodWebsiteServiceDevelopmentTests]: CephalopodWebsiteServiceDevelopmentTests does not declare any static, non-private, non-final, nested classes annotated with @Configuration.
2021-10-16 18:30:44.478  INFO 4245 --- [    Test worker] .b.t.c.SpringBootTestContextBootstrapper : Found @SpringBootConfiguration com.codurance.cephalopodwebsite.CephalopodWebsiteApplication for test class com.codurance.cephalopodwebsite.CephalopodWebsiteServiceDevelopmentTests
2021-10-16 18:30:44.480  INFO 4245 --- [    Test worker] .b.t.a.w.s.WebMvcTestContextBootstrapper : Loaded default TestExecutionListener class names from location [META-INF/spring.factories]: [org.springframework.boot.test.autoconfigure.restdocs.RestDocsTestExecutionListener, org.springframework.boot.test.autoconfigure.web.client.MockRestServiceServerResetTestExecutionListener, org.springframework.boot.test.autoconfigure.web.servlet.MockMvcPrintOnlyOnFailureTestExecutionListener, org.springframework.boot.test.autoconfigure.web.servlet.WebDriverTestExecutionListener, org.springframework.boot.test.autoconfigure.webservices.client.MockWebServiceServerTestExecutionListener, org.springframework.boot.test.mock.mockito.MockitoTestExecutionListener, org.springframework.boot.test.mock.mockito.ResetMocksTestExecutionListener, org.springframework.test.context.web.ServletTestExecutionListener, org.springframework.test.context.support.DirtiesContextBeforeModesTestExecutionListener, org.springframework.test.context.event.ApplicationEventsTestExecutionListener, org.springframework.test.context.support.DependencyInjectionTestExecutionListener, org.springframework.test.context.support.DirtiesContextTestExecutionListener, org.springframework.test.context.transaction.TransactionalTestExecutionListener, org.springframework.test.context.jdbc.SqlScriptsTestExecutionListener, org.springframework.test.context.event.EventPublishingTestExecutionListener]
2021-10-16 18:30:44.484  INFO 4245 --- [    Test worker] .b.t.a.w.s.WebMvcTestContextBootstrapper : Using TestExecutionListeners: [org.springframework.test.context.web.ServletTestExecutionListener@569348e1, org.springframework.test.context.support.DirtiesContextBeforeModesTestExecutionListener@7db5b890, org.springframework.test.context.event.ApplicationEventsTestExecutionListener@407b8435, org.springframework.boot.test.mock.mockito.MockitoTestExecutionListener@1282e98, org.springframework.boot.test.autoconfigure.SpringBootDependencyInjectionTestExecutionListener@4db0ba1c, org.springframework.test.context.support.DirtiesContextTestExecutionListener@1d91fa02, org.springframework.test.context.transaction.TransactionalTestExecutionListener@1578fa9, org.springframework.test.context.jdbc.SqlScriptsTestExecutionListener@414b2df5, org.springframework.test.context.event.EventPublishingTestExecutionListener@9e30f9a, org.springframework.boot.test.autoconfigure.restdocs.RestDocsTestExecutionListener@1b30a54e, org.springframework.boot.test.autoconfigure.web.client.MockRestServiceServerResetTestExecutionListener@26275b46, org.springframework.boot.test.autoconfigure.web.servlet.MockMvcPrintOnlyOnFailureTestExecutionListener@3e9beef2, org.springframework.boot.test.autoconfigure.web.servlet.WebDriverTestExecutionListener@2f15a964, org.springframework.boot.test.autoconfigure.webservices.client.MockWebServiceServerTestExecutionListener@3111631d, org.springframework.boot.test.mock.mockito.ResetMocksTestExecutionListener@2d70f312]

  .   ____          _            __ _ _
 /\\ / ___'_ __ _ _(_)_ __  __ _ \ \ \ \
( ( )\___ | '_ | '_| | '_ \/ _` | \ \ \ \
 \\/  ___)| |_)| | | | | || (_| |  ) ) ) )
  '  |____| .__|_| |_|_| |_\__, | / / / /
 =========|_|==============|___/=/_/_/_/
 :: Spring Boot ::                (v2.5.5)

2021-10-16 18:30:44.584  INFO 4245 --- [    Test worker] CephalopodWebsiteServiceDevelopmentTests : Starting CephalopodWebsiteServiceDevelopmentTests using Java 16.0.1 on Amans-MacBook-Pro.local with PID 4245 (started by amanpanesar in /Volumes/Projects/codurance/week-6/day-three/devops/AWSquid/backendwebsiteservice)
2021-10-16 18:30:44.584  INFO 4245 --- [    Test worker] CephalopodWebsiteServiceDevelopmentTests : The following profiles are active: development
2021-10-16 18:30:45.320  INFO 4245 --- [    Test worker] o.s.b.t.m.w.SpringBootMockServletContext : Initializing Spring TestDispatcherServlet ''
2021-10-16 18:30:45.320  INFO 4245 --- [    Test worker] o.s.t.web.servlet.TestDispatcherServlet  : Initializing Servlet ''
2021-10-16 18:30:45.321  INFO 4245 --- [    Test worker] o.s.t.web.servlet.TestDispatcherServlet  : Completed initialization in 1 ms
2021-10-16 18:30:45.335  INFO 4245 --- [    Test worker] CephalopodWebsiteServiceDevelopmentTests : Started CephalopodWebsiteServiceDevelopmentTests in 0.841 seconds (JVM running for 11.779)
]]></system-out>
  <system-err><![CDATA[]]></system-err>
</testsuite>
